{
  "stats": {
    "suites": 2,
    "tests": 5,
    "passes": 5,
    "pending": 0,
    "failures": 0,
    "start": "2018-04-01T18:40:28.911Z",
    "end": "2018-04-01T18:40:47.266Z",
    "duration": 18355,
    "testsRegistered": 5,
    "passPercent": 100,
    "pendingPercent": 0,
    "other": 0,
    "hasOther": false,
    "skipped": 0,
    "hasSkipped": false,
    "passPercentClass": "success",
    "pendingPercentClass": "danger"
  },
  "suites": {
    "uuid": "54d96a0e-6d55-425c-b159-b4761c267499",
    "title": "",
    "fullFile": "",
    "file": "",
    "beforeHooks": [],
    "afterHooks": [],
    "tests": [],
    "suites": [
      {
        "uuid": "8ba6ebe0-1580-40d7-a37a-cb734082f94c",
        "title": "Login",
        "fullFile": "C:\\Users\\Debar\\codeception\\login_test.js",
        "file": "\\login_test.js",
        "beforeHooks": [
          {
            "title": "\"before all\" hook: codeceptjs.beforeSuite",
            "fullTitle": "Login \"before all\" hook: codeceptjs.beforeSuite",
            "timedOut": false,
            "duration": 3147,
            "pass": false,
            "fail": false,
            "pending": false,
            "code": "scenario.suiteSetup(suite)",
            "err": {},
            "isRoot": false,
            "uuid": "233f323b-574a-462b-ae2a-428eb6e23a50",
            "isHook": true,
            "skipped": false
          },
          {
            "title": "\"before each\" hook: codeceptjs.before",
            "fullTitle": "Login \"before each\" hook: codeceptjs.before",
            "timedOut": false,
            "duration": 0,
            "pass": false,
            "fail": false,
            "pending": false,
            "code": "scenario.setup(suite)",
            "err": {},
            "isRoot": false,
            "uuid": "6a5c0049-317b-43ca-bb0e-2c396bd7675c",
            "isHook": true,
            "skipped": false
          }
        ],
        "afterHooks": [
          {
            "title": "\"after all\" hook: codeceptjs.afterSuite",
            "fullTitle": "Login \"after all\" hook: codeceptjs.afterSuite",
            "timedOut": false,
            "duration": 0,
            "pass": false,
            "fail": false,
            "pending": false,
            "code": "scenario.suiteTeardown(suite)",
            "err": {},
            "isRoot": false,
            "uuid": "ec768e5a-409c-485f-91fb-27ecf5ae45a2",
            "isHook": true,
            "skipped": false
          },
          {
            "title": "\"after each\" hook: finalize codeceptjs",
            "fullTitle": "Login \"after each\" hook: finalize codeceptjs",
            "timedOut": false,
            "duration": 21,
            "pass": false,
            "fail": false,
            "pending": false,
            "code": "scenario.teardown(suite)",
            "err": {},
            "isRoot": false,
            "uuid": "1a141c5c-bd42-4a19-8c41-161828c31734",
            "isHook": true,
            "skipped": false
          }
        ],
        "tests": [
          {
            "title": "Postive Login",
            "fullTitle": "Login: Postive Login",
            "timedOut": false,
            "duration": 3486,
            "state": "passed",
            "speed": "slow",
            "pass": true,
            "fail": false,
            "pending": false,
            "code": "(I, loginPage, calendarPage) => {\n    I.amOnPage('/');\n    loginPage.doLogin('banerjed','California0!');\n    I.wait(2);\n    I.seeTitleEquals('Calendar - base7');\n    calendarPage.doLogOut();",
            "err": {},
            "isRoot": false,
            "uuid": "fe7e77be-019e-47e0-a92d-0f1fc9098dd0",
            "isHook": false,
            "skipped": false
          },
          {
            "title": "Negative Login",
            "fullTitle": "Login: Negative Login",
            "timedOut": false,
            "duration": 3521,
            "state": "passed",
            "speed": "slow",
            "pass": true,
            "fail": false,
            "pending": false,
            "code": "(I, loginPage) => {\n    I.amOnPage('/');\n    loginPage.doLogin('banerjed1','California0!1');\n    I.wait(2);\n    I.seeTitleEquals('Login - base7');\n    I.see('Invalid Credentials');",
            "err": {},
            "isRoot": false,
            "uuid": "cc1a078c-caaa-4efd-89a2-b41de3d3c76c",
            "isHook": false,
            "skipped": false
          }
        ],
        "suites": [],
        "passes": [
          "fe7e77be-019e-47e0-a92d-0f1fc9098dd0",
          "cc1a078c-caaa-4efd-89a2-b41de3d3c76c"
        ],
        "failures": [],
        "pending": [],
        "skipped": [],
        "duration": 7007,
        "root": false,
        "rootEmpty": false,
        "_timeout": 0
      },
      {
        "uuid": "aa3642de-a95d-4e66-9555-92332c007c51",
        "title": "Reservation Page Tests",
        "fullFile": "C:\\Users\\Debar\\codeception\\reservation_test.js",
        "file": "\\reservation_test.js",
        "beforeHooks": [
          {
            "title": "\"before all\" hook: codeceptjs.beforeSuite",
            "fullTitle": "Reservation Page Tests \"before all\" hook: codeceptjs.beforeSuite",
            "timedOut": false,
            "duration": 0,
            "pass": false,
            "fail": false,
            "pending": false,
            "code": "scenario.suiteSetup(suite)",
            "err": {},
            "isRoot": false,
            "uuid": "68420863-7a8a-4f07-8620-6f1eed21ac7a",
            "isHook": true,
            "skipped": false
          },
          {
            "title": "\"before each\" hook: codeceptjs.before",
            "fullTitle": "Reservation Page Tests \"before each\" hook: codeceptjs.before",
            "timedOut": false,
            "duration": 0,
            "pass": false,
            "fail": false,
            "pending": false,
            "code": "scenario.setup(suite)",
            "err": {},
            "isRoot": false,
            "uuid": "eb4e62f9-110b-4273-b7de-a2f31b568d91",
            "isHook": true,
            "skipped": false
          }
        ],
        "afterHooks": [
          {
            "title": "\"after all\" hook: codeceptjs.afterSuite",
            "fullTitle": "Reservation Page Tests \"after all\" hook: codeceptjs.afterSuite",
            "timedOut": false,
            "duration": 0,
            "pass": false,
            "fail": false,
            "pending": false,
            "code": "scenario.suiteTeardown(suite)",
            "err": {},
            "isRoot": false,
            "uuid": "5b851f7d-e579-4c41-9e5e-5b7dcd827e92",
            "isHook": true,
            "skipped": false
          },
          {
            "title": "\"after each\" hook: finalize codeceptjs",
            "fullTitle": "Reservation Page Tests \"after each\" hook: finalize codeceptjs",
            "timedOut": false,
            "duration": 16,
            "pass": false,
            "fail": false,
            "pending": false,
            "code": "scenario.teardown(suite)",
            "err": {},
            "isRoot": false,
            "uuid": "3af97d2e-da72-4a68-9ef9-03ae389d4fe4",
            "isHook": true,
            "skipped": false
          }
        ],
        "tests": [
          {
            "title": "Reservation Page UI @UI",
            "fullTitle": "Reservation Page Tests: Reservation Page UI @UI",
            "timedOut": false,
            "duration": 5218,
            "state": "passed",
            "speed": "slow",
            "pass": true,
            "fail": false,
            "pending": false,
            "code": "async (I, loginPage, calendarPage, reservationPage) => {\n     I.amOnPage('/');\n\t loginPage.doLogin('banerjed','California0!');\n\t I.wait(2);\n\t I.seeTitleEquals('Calendar - base7');\n\t calendarPage.clickReservation();\n     I.wait(2);\n\t I.seeTitleEquals('Reservations - base7');\n\t reservationPage.verifyReservationPageUI();",
            "err": {},
            "isRoot": false,
            "uuid": "6109d8e4-1c98-47e5-95f5-f5a720b42a4d",
            "isHook": false,
            "skipped": false
          },
          {
            "title": "First Reservation Details Page UI @UI",
            "fullTitle": "Reservation Page Tests: First Reservation Details Page UI @UI",
            "timedOut": false,
            "duration": 2663,
            "state": "passed",
            "speed": "slow",
            "pass": true,
            "fail": false,
            "pending": false,
            "code": "async (I, loginPage, calendarPage, reservationPage, reservationDetailsPage) => {\n    reservationPage.storeFirstReservationElements();\n    reservationPage.clickOnFirstReservationItem();\n    I.wait(2);\n    reservationDetailsPage.verifyReservationDetailsPageUI();",
            "err": {},
            "isRoot": false,
            "uuid": "2fa76ff1-c5f3-40dc-bf9f-a12239279c03",
            "isHook": false,
            "skipped": false
          },
          {
            "title": "Test the functionality of the Latest Reservation Item",
            "fullTitle": "Reservation Page Tests: Test the functionality of the Latest Reservation Item",
            "timedOut": false,
            "duration": 0,
            "state": "passed",
            "speed": "fast",
            "pass": true,
            "fail": false,
            "pending": false,
            "code": "async (I, loginPage, calendarPage, reservationPage, reservationDetailsPage) => {",
            "err": {},
            "isRoot": false,
            "uuid": "078a0302-8e26-4fdf-ade4-acff4b56b427",
            "isHook": false,
            "skipped": false
          }
        ],
        "suites": [],
        "passes": [
          "6109d8e4-1c98-47e5-95f5-f5a720b42a4d",
          "2fa76ff1-c5f3-40dc-bf9f-a12239279c03",
          "078a0302-8e26-4fdf-ade4-acff4b56b427"
        ],
        "failures": [],
        "pending": [],
        "skipped": [],
        "duration": 7881,
        "root": false,
        "rootEmpty": false,
        "_timeout": 0
      }
    ],
    "passes": [],
    "failures": [],
    "pending": [],
    "skipped": [],
    "duration": 0,
    "root": true,
    "rootEmpty": true,
    "_timeout": 0
  },
  "copyrightYear": 2018
}