{
  "stats": {
    "suites": 2,
    "tests": 4,
    "passes": 4,
    "pending": 0,
    "failures": 0,
    "start": "2018-04-01T13:07:28.863Z",
    "end": "2018-04-01T13:07:44.205Z",
    "duration": 15342,
    "testsRegistered": 4,
    "passPercent": 100,
    "pendingPercent": 0,
    "other": 0,
    "hasOther": false,
    "skipped": 0,
    "hasSkipped": false,
    "passPercentClass": "success",
    "pendingPercentClass": "danger"
  },
  "suites": {
    "uuid": "35a4a085-15d1-4268-95f7-7149c4543458",
    "title": "",
    "fullFile": "",
    "file": "",
    "beforeHooks": [],
    "afterHooks": [],
    "tests": [],
    "suites": [
      {
        "uuid": "d75e4447-8c46-4acf-84a2-0508e2c05700",
        "title": "Login",
        "fullFile": "C:\\Users\\Debar\\codeception\\login_test.js",
        "file": "\\login_test.js",
        "beforeHooks": [
          {
            "title": "\"before all\" hook: codeceptjs.beforeSuite",
            "fullTitle": "Login \"before all\" hook: codeceptjs.beforeSuite",
            "timedOut": false,
            "duration": 3148,
            "pass": false,
            "fail": false,
            "pending": false,
            "code": "scenario.suiteSetup(suite)",
            "err": {},
            "isRoot": false,
            "uuid": "e016cb34-b717-4918-8969-074b52d4c434",
            "isHook": true,
            "skipped": false
          },
          {
            "title": "\"before each\" hook: codeceptjs.before",
            "fullTitle": "Login \"before each\" hook: codeceptjs.before",
            "timedOut": false,
            "duration": 0,
            "pass": false,
            "fail": false,
            "pending": false,
            "code": "scenario.setup(suite)",
            "err": {},
            "isRoot": false,
            "uuid": "38f7c0bb-bb9c-41f1-9129-0d1460a19823",
            "isHook": true,
            "skipped": false
          }
        ],
        "afterHooks": [
          {
            "title": "\"after all\" hook: codeceptjs.afterSuite",
            "fullTitle": "Login \"after all\" hook: codeceptjs.afterSuite",
            "timedOut": false,
            "duration": 0,
            "pass": false,
            "fail": false,
            "pending": false,
            "code": "scenario.suiteTeardown(suite)",
            "err": {},
            "isRoot": false,
            "uuid": "8f858f52-3131-4914-8e93-63dded8088ce",
            "isHook": true,
            "skipped": false
          },
          {
            "title": "\"after each\" hook: finalize codeceptjs",
            "fullTitle": "Login \"after each\" hook: finalize codeceptjs",
            "timedOut": false,
            "duration": 21,
            "pass": false,
            "fail": false,
            "pending": false,
            "code": "scenario.teardown(suite)",
            "err": {},
            "isRoot": false,
            "uuid": "3d6ced77-535e-4cc7-9579-ebc938f02b15",
            "isHook": true,
            "skipped": false
          }
        ],
        "tests": [
          {
            "title": "Postive Login",
            "fullTitle": "Login: Postive Login",
            "timedOut": false,
            "duration": 3451,
            "state": "passed",
            "speed": "slow",
            "pass": true,
            "fail": false,
            "pending": false,
            "code": "(I, loginPage, calendarPage) => {\n    I.amOnPage('/');\n    loginPage.doLogin('banerjed','California0!');\n    I.wait(2);\n    I.seeTitleEquals('Calendar - base7');\n    calendarPage.doLogOut();",
            "err": {},
            "isRoot": false,
            "uuid": "ff085795-3d02-4bbb-b63e-e0f73c718530",
            "isHook": false,
            "skipped": false
          },
          {
            "title": "Negative Login",
            "fullTitle": "Login: Negative Login",
            "timedOut": false,
            "duration": 2992,
            "state": "passed",
            "speed": "slow",
            "pass": true,
            "fail": false,
            "pending": false,
            "code": "(I, loginPage) => {\n    I.amOnPage('/');\n    loginPage.doLogin('banerjed1','California0!1');\n    I.wait(2);\n    I.seeTitleEquals('Login - base7');\n    I.see('Invalid Credentials');",
            "err": {},
            "isRoot": false,
            "uuid": "a24f2b32-8f8d-426d-add7-244202b43852",
            "isHook": false,
            "skipped": false
          }
        ],
        "suites": [],
        "passes": [
          "ff085795-3d02-4bbb-b63e-e0f73c718530",
          "a24f2b32-8f8d-426d-add7-244202b43852"
        ],
        "failures": [],
        "pending": [],
        "skipped": [],
        "duration": 6443,
        "root": false,
        "rootEmpty": false,
        "_timeout": 0
      },
      {
        "uuid": "dab5ed35-08e4-42b0-968a-b2fafbe42b0c",
        "title": "Reservation Page Tests",
        "fullFile": "C:\\Users\\Debar\\codeception\\reservation_test.js",
        "file": "\\reservation_test.js",
        "beforeHooks": [
          {
            "title": "\"before all\" hook: codeceptjs.beforeSuite",
            "fullTitle": "Reservation Page Tests \"before all\" hook: codeceptjs.beforeSuite",
            "timedOut": false,
            "duration": 0,
            "pass": false,
            "fail": false,
            "pending": false,
            "code": "scenario.suiteSetup(suite)",
            "err": {},
            "isRoot": false,
            "uuid": "7dd4eccd-1c72-43af-8f8f-cddfeb879d7d",
            "isHook": true,
            "skipped": false
          },
          {
            "title": "\"before each\" hook: codeceptjs.before",
            "fullTitle": "Reservation Page Tests \"before each\" hook: codeceptjs.before",
            "timedOut": false,
            "duration": 0,
            "pass": false,
            "fail": false,
            "pending": false,
            "code": "scenario.setup(suite)",
            "err": {},
            "isRoot": false,
            "uuid": "6778071b-81ff-48ca-92e8-5b29036208dd",
            "isHook": true,
            "skipped": false
          }
        ],
        "afterHooks": [
          {
            "title": "\"after all\" hook: codeceptjs.afterSuite",
            "fullTitle": "Reservation Page Tests \"after all\" hook: codeceptjs.afterSuite",
            "timedOut": false,
            "duration": 0,
            "pass": false,
            "fail": false,
            "pending": false,
            "code": "scenario.suiteTeardown(suite)",
            "err": {},
            "isRoot": false,
            "uuid": "5a8eab77-d71e-4e4f-8739-1d9db0de196a",
            "isHook": true,
            "skipped": false
          },
          {
            "title": "\"after each\" hook: finalize codeceptjs",
            "fullTitle": "Reservation Page Tests \"after each\" hook: finalize codeceptjs",
            "timedOut": false,
            "duration": 41,
            "pass": false,
            "fail": false,
            "pending": false,
            "code": "scenario.teardown(suite)",
            "err": {},
            "isRoot": false,
            "uuid": "ea78ad90-0873-410b-b02f-eee322811f38",
            "isHook": true,
            "skipped": false
          }
        ],
        "tests": [
          {
            "title": "Reservation Page UI",
            "fullTitle": "Reservation Page Tests: Reservation Page UI",
            "timedOut": false,
            "duration": 5236,
            "state": "passed",
            "speed": "slow",
            "pass": true,
            "fail": false,
            "pending": false,
            "code": "async (I, loginPage, calendarPage, reservationPage) => {\n     I.amOnPage('/');\n\t loginPage.doLogin('banerjed','California0!');\n\t I.wait(2);\n\t I.seeTitleEquals('Calendar - base7');\n\t calendarPage.clickReservation();\n     I.wait(2);\n\t I.seeTitleEquals('Reservations - base7');\n\t reservationPage.verifyReservationPageUI();",
            "err": {},
            "isRoot": false,
            "uuid": "1fe189b3-87a7-4c6b-95e9-3f6a9507fb32",
            "isHook": false,
            "skipped": false
          },
          {
            "title": "Test the functionality of the Latest Reservation Item",
            "fullTitle": "Reservation Page Tests: Test the functionality of the Latest Reservation Item",
            "timedOut": false,
            "duration": 284,
            "state": "passed",
            "speed": "slow",
            "pass": true,
            "fail": false,
            "pending": false,
            "code": "async (I, loginPage, calendarPage, reservationPage) => {\n    var number = await I.grabTextFrom('/html/body/div[1]/div/div[5]/div/div[1]/div[3]/table/tbody/tr[3]/td[1]');\n    var client = await I.grabTextFrom('/html/body/div[1]/div/div[5]/div/div[1]/div[3]/table/tbody/tr[3]/td[2]');\n    var dates = await I.grabTextFrom('/html/body/div[1]/div/div[5]/div/div[1]/div[3]/table/tbody/tr[3]/td[3]');\n    var created = await I.grabTextFrom('/html/body/div[1]/div/div[5]/div/div[1]/div[3]/table/tbody/tr[3]/td[4]');\n    var source = await I.grabTextFrom('/html/body/div[1]/div/div[5]/div/div[1]/div[3]/table/tbody/tr[3]/td[5]');\n    var room = await I.grabTextFrom('/html/body/div[1]/div/div[5]/div/div[1]/div[3]/table/tbody/tr[3]/td[6]');\n    var prereservation = await I.grabTextFrom('/html/body/div[1]/div/div[5]/div/div[1]/div[3]/table/tbody/tr[3]/td[7]/div');\n    //I.addMochawesomeContext('simple string');\n    console.log('client is ' + client);\n    console.log('dates is ' + dates);\n    console.log('created is ' + created);\n    console.log('source is ' + source);\n    console.log('roomType is ' + room);\n    console.log('prereservation is ' + prereservation);\n     reservationPage.clickOnFirstReservationItem();\n    //I.click('.flex > tbody:nth-child(1) > tr:nth-child(3) > td:nth-child(1)');\n    // I.waitForElement('/html/body/div[1]/div/div[5]/div/div[1]/div[3]/div[2]/div[1]/div[1]/div[1]/div[1]/span/b', 2);\n    //\n    // var clientText = await I.grabTextFrom('/html/body/div[1]/div/div[5]/div/div[1]/div[3]/div[2]/div[1]/div[1]/div[1]/div[1]/span/b');\n    // console.log('Client Text is ' + clientText);\n    // I.see(clientText, {xpath: '/html/body/div[1]/div/div[5]/div/div[1]/div[3]/div[2]/div[1]/div[1]/div[1]/div[1]/span/b'});\n    //\n    // var roomType = await I.grabTextFrom('/html/body/div[1]/div/div[5]/div/div[1]/div[3]/div[6]/div[3]/div[2]/table/tbody/tr[1]/td[1]');\n    // I.see(roomType, {xpath: '/html/body/div[1]/div/div[5]/div/div[1]/div[3]/div[6]/div[3]/div[2]/table/tbody/tr[1]/td[1]'});",
            "err": {},
            "isRoot": false,
            "uuid": "dbe22a23-c6cd-4944-b79c-5f991a87a36c",
            "isHook": false,
            "skipped": false
          }
        ],
        "suites": [],
        "passes": [
          "1fe189b3-87a7-4c6b-95e9-3f6a9507fb32",
          "dbe22a23-c6cd-4944-b79c-5f991a87a36c"
        ],
        "failures": [],
        "pending": [],
        "skipped": [],
        "duration": 5520,
        "root": false,
        "rootEmpty": false,
        "_timeout": 0
      }
    ],
    "passes": [],
    "failures": [],
    "pending": [],
    "skipped": [],
    "duration": 0,
    "root": true,
    "rootEmpty": true,
    "_timeout": 0
  },
  "copyrightYear": 2018
}